<?xml version="1.0" encoding="UTF-8"?>
<!-- Generated by org.testng.reporters.JUnitReportReporter -->
<testsuite hostname="MSI" failures="0" tests="1" name="com.cityklues.test.LoginTest" time="0.008" errors="0" timestamp="2024-01-08T18:12:39 IST" skipped="0">
  <testcase classname="com.cityklues.test.LoginTest" name="hello" time="0.008"/>
</testsuite> <!-- com.cityklues.test.LoginTest -->
